/*C1*/SET SCHEMA SYSTEM_LOBS
INSERT INTO BLOCKS VALUES(0,2147483647,0)
COMMIT
/*C21*/SET SCHEMA PUBLIC
CREATE TABLE Comment (id INTEGER NOT NULL, content VARCHAR(255), date TIMESTAMP, POST_ID INTEGER, USER_ID INTEGER, PRIMARY KEY (id))
CREATE TABLE Image (id INTEGER NOT NULL, path VARCHAR(255), size BIGINT, type VARCHAR(255), PRIMARY KEY (id))
CREATE TABLE OPENJPA_SEQUENCE_TABLE (ID TINYINT NOT NULL, SEQUENCE_VALUE BIGINT, PRIMARY KEY (ID))
CREATE TABLE Post (id INTEGER NOT NULL, content VARCHAR(255), dateTime TIMESTAMP, IMAGE_ID INTEGER, USER_ID INTEGER, PRIMARY KEY (id))
CREATE TABLE User (id INTEGER NOT NULL, email VARCHAR(255), password VARCHAR(255), username VARCHAR(255), PRIMARY KEY (id), CONSTRAINT U_USER_EMAIL UNIQUE (email), CONSTRAINT U_USER_USERNAME UNIQUE (username))
CREATE INDEX I_COMMENT_POST ON Comment (POST_ID)
CREATE INDEX I_COMMENT_USER ON Comment (USER_ID)
CREATE INDEX I_POST_IMAGE ON Post (IMAGE_ID)
CREATE INDEX I_POST_USER ON Post (USER_ID)
INSERT INTO OPENJPA_SEQUENCE_TABLE VALUES(0,1)
COMMIT
DELETE FROM OPENJPA_SEQUENCE_TABLE WHERE ID=0
INSERT INTO OPENJPA_SEQUENCE_TABLE VALUES(0,51)
COMMIT
/*C11*/SET SCHEMA PUBLIC
INSERT INTO USER VALUES(1,'pablito@pablito.com','pablito','pablito')
COMMIT
